main.obj : error LNK2001: unresolved external symbol __imp__glViewport@16
main.obj : error LNK2001: unresolved external symbol __imp__glClear@4
main.obj : error LNK2001: unresolved external symbol __imp__glEnable@4
main.obj : error LNK2001: unresolved external symbol __imp__glClearColor@16
main.obj : error LNK2001: unresolved external symbol __imp__glewExperimental
main.obj : error LNK2001: unresolved external symbol __imp__glewInit@0
Mesh.obj : error LNK2001: unresolved external symbol __imp____glewEnableVertexAttribArray
Mesh.obj : error LNK2001: unresolved external symbol __imp____glewBindVertexArray
Mesh.obj : error LNK2001: unresolved external symbol __imp____glewVertexAttribPointer
Mesh.obj : error LNK2001: unresolved external symbol __imp____glewBindBuffer
Mesh.obj : error LNK2001: unresolved external symbol __imp____glewUniform1i
Mesh.obj : error LNK2001: unresolved external symbol __imp____glewUniform1f
Mesh.obj : error LNK2001: unresolved external symbol __imp____glewGetUniformLocation
Mesh.obj : error LNK2001: unresolved external symbol __imp____glewBufferData
Mesh.obj : error LNK2001: unresolved external symbol __imp____glewGenVertexArrays
Mesh.obj : error LNK2001: unresolved external symbol __imp____glewUniformMatrix4fv
Mesh.obj : error LNK2001: unresolved external symbol __imp__glDrawElements@16
Mesh.obj : error LNK2001: unresolved external symbol __imp____glewGenBuffers
Mesh.obj : error LNK2001: unresolved external symbol __imp____glewUniform3f
Mesh.obj : error LNK2001: unresolved external symbol __imp____glewUniform4fv
Mesh.obj : error LNK2001: unresolved external symbol __imp____glewUniform4f
Scene.obj : error LNK2001: unresolved external symbol __imp____glewUseProgram
Scene.obj : error LNK2001: unresolved external symbol __imp__glBindTexture@8
Scene.obj : error LNK2001: unresolved external symbol __imp__glGenTextures@8
Scene.obj : error LNK2001: unresolved external symbol __imp____glewFramebufferTexture
Scene.obj : error LNK2001: unresolved external symbol __imp__glTexParameteri@12
Scene.obj : error LNK2001: unresolved external symbol __imp____glewActiveTexture
Scene.obj : error LNK2001: unresolved external symbol __imp__glReadBuffer@4
Scene.obj : error LNK2001: unresolved external symbol __imp____glewFramebufferTexture2D
Scene.obj : error LNK2001: unresolved external symbol __imp____glewGenFramebuffers
Scene.obj : error LNK2001: unresolved external symbol __imp__glDrawArrays@12
Scene.obj : error LNK2001: unresolved external symbol __imp____glewBindFramebuffer
Scene.obj : error LNK2001: unresolved external symbol __imp__glTexImage2D@36
Scene.obj : error LNK2001: unresolved external symbol __imp____glewGenerateMipmap
Scene.obj : error LNK2001: unresolved external symbol __imp__glDepthFunc@4
Scene.obj : error LNK2001: unresolved external symbol __imp__glDrawBuffer@4
Scene.obj : error LNK2001: unresolved external symbol __imp____glewUniform3fv
Shader.obj : error LNK2001: unresolved external symbol __imp____glewGetShaderiv
Shader.obj : error LNK2001: unresolved external symbol __imp____glewCompileShader
Shader.obj : error LNK2001: unresolved external symbol __imp____glewCreateShader
Shader.obj : error LNK2001: unresolved external symbol __imp____glewCreateProgram
Shader.obj : error LNK2001: unresolved external symbol __imp____glewGetShaderInfoLog
Shader.obj : error LNK2001: unresolved external symbol __imp____glewGetProgramiv
Shader.obj : error LNK2001: unresolved external symbol __imp____glewAttachShader
Shader.obj : error LNK2001: unresolved external symbol __imp____glewShaderSource
Shader.obj : error LNK2001: unresolved external symbol __imp____glewGetProgramInfoLog
Shader.obj : error LNK2001: unresolved external symbol __imp____glewDeleteShader
Shader.obj : error LNK2001: unresolved external symbol __imp____glewLinkProgram
C:\Users\chunc\Desktop\Coursework\CSE\CSE163\Assignment3\CSE163HW2\Release\CSE163Project2.exe : fatal error LNK1120: 48 unresolved externals
